<?xml version="1.0" encoding="utf-8"?><testsuites name="pytest tests"><testsuite name="pytest" errors="0" failures="0" skipped="0" tests="8" time="6.492" timestamp="2026-02-19T20:05:06.875672+00:00" hostname="agent-env-ded4fede-4f9c-4298-92d9-e175140ad2cd"><testcase classname="tests.test_value_framework_api.TestValueFrameworkAPI" name="test_get_value_framework" time="0.297" /><testcase classname="tests.test_value_framework_api.TestValueFrameworkAPI" name="test_optimize_category_content" time="0.269" /><testcase classname="tests.test_value_framework_api.TestValueFrameworkAPI" name="test_accelerate_category_content" time="0.135" /><testcase classname="tests.test_value_framework_api.TestValueFrameworkAPI" name="test_protect_category_content" time="0.175" /><testcase classname="tests.test_value_framework_api.TestGenerateValuePropsAPI" name="test_generate_value_props_optimize" time="4.786" /><testcase classname="tests.test_value_framework_api.TestGenerateValuePropsAPI" name="test_generate_value_props_invalid_category" time="0.184" /><testcase classname="tests.test_value_framework_api.TestTopBarCollapseFeature" name="test_customer_exists" time="0.121" /><testcase classname="tests.test_value_framework_api.TestTopBarCollapseFeature" name="test_customer_discovery_endpoint" time="0.391" /></testsuite></testsuites>