<?xml version="1.0" encoding="utf-8"?><testsuites name="pytest tests"><testsuite name="pytest" errors="1" failures="0" skipped="0" tests="20" time="138.552" timestamp="2026-02-06T11:25:44.361183+00:00" hostname="agent-env-ed18dddc-e06c-491d-8af6-6d2cac8f59f4"><testcase classname="backend.tests.test_discovery_api.TestHealthEndpoint" name="test_health_check" time="0.063" /><testcase classname="backend.tests.test_discovery_api.TestQuestionsEndpoint" name="test_get_questions_returns_91_items" time="0.037" /><testcase classname="backend.tests.test_discovery_api.TestQuestionsEndpoint" name="test_questions_have_required_fields" time="0.040" /><testcase classname="backend.tests.test_discovery_api.TestQuestionsEndpoint" name="test_questions_sections_exist" time="0.036" /><testcase classname="backend.tests.test_discovery_api.TestQuestionsEndpoint" name="test_conditional_questions_exist" time="0.041" /><testcase classname="backend.tests.test_discovery_api.TestCustomersEndpoint" name="test_get_customers_list" time="0.045" /><testcase classname="backend.tests.test_discovery_api.TestCustomersEndpoint" name="test_get_single_customer" time="0.073" /><testcase classname="backend.tests.test_discovery_api.TestCustomersEndpoint" name="test_create_customer" time="0.191" /><testcase classname="backend.tests.test_discovery_api.TestCustomersEndpoint" name="test_update_customer" time="0.234" /><testcase classname="backend.tests.test_discovery_api.TestCustomersEndpoint" name="test_delete_customer" time="0.108" /><testcase classname="backend.tests.test_discovery_api.TestCustomersEndpoint" name="test_get_nonexistent_customer_returns_404" time="0.041" /><testcase classname="backend.tests.test_discovery_api.TestDiscoveryDataEndpoint" name="test_get_empty_discovery_data" time="0.112" /><testcase classname="backend.tests.test_discovery_api.TestDiscoveryDataEndpoint" name="test_save_and_retrieve_discovery_data" time="0.144" /><testcase classname="backend.tests.test_discovery_api.TestDiscoveryDataEndpoint" name="test_update_discovery_data_overwrites" time="0.189" /><testcase classname="backend.tests.test_discovery_api.TestDiscoveryDataEndpoint" name="test_discovery_for_nonexistent_customer_returns_404" time="0.183" /><testcase classname="backend.tests.test_discovery_api.TestTokenCalculatorQuestions" name="test_token_calculator_questions_exist" time="0.039" /><testcase classname="backend.tests.test_discovery_api.TestNewDiscoveryFields" name="test_save_and_retrieve_data_centers" time="0.145" /><testcase classname="backend.tests.test_discovery_api.TestNewDiscoveryFields" name="test_save_and_retrieve_sites" time="0.139" /><testcase classname="backend.tests.test_discovery_api.TestNewDiscoveryFields" name="test_save_and_retrieve_uds_members" time="0.184" /><testcase classname="backend.tests.test_discovery_api.TestNewDiscoveryFields" name="test_save_and_retrieve_lease_time_units" time="136.355"><error message="failed on setup with &quot;requests.exceptions.ConnectTimeout: HTTPSConnectionPool(host='ai-discovery-tool.preview.emergentagent.com', port=443): Max retries exceeded with url: /api/customers (Caused by ConnectTimeoutError(&lt;HTTPSConnection(host='ai-discovery-tool.preview.emergentagent.com', port=443) at 0xf82430e21b50&gt;, 'Connection to ai-discovery-tool.preview.emergentagent.com timed out. (connect timeout=None)'))&quot;">/root/.venv/lib/python3.11/site-packages/urllib3/connection.py:204: in _new_conn
    sock = connection.create_connection(
/root/.venv/lib/python3.11/site-packages/urllib3/util/connection.py:85: in create_connection
    raise err
/root/.venv/lib/python3.11/site-packages/urllib3/util/connection.py:73: in create_connection
    sock.connect(sa)
E   TimeoutError: [Errno 110] Connection timed out

The above exception was the direct cause of the following exception:
/root/.venv/lib/python3.11/site-packages/urllib3/connectionpool.py:787: in urlopen
    response = self._make_request(
/root/.venv/lib/python3.11/site-packages/urllib3/connectionpool.py:488: in _make_request
    raise new_e
/root/.venv/lib/python3.11/site-packages/urllib3/connectionpool.py:464: in _make_request
    self._validate_conn(conn)
/root/.venv/lib/python3.11/site-packages/urllib3/connectionpool.py:1093: in _validate_conn
    conn.connect()
/root/.venv/lib/python3.11/site-packages/urllib3/connection.py:759: in connect
    self.sock = sock = self._new_conn()
                       ^^^^^^^^^^^^^^^^
/root/.venv/lib/python3.11/site-packages/urllib3/connection.py:213: in _new_conn
    raise ConnectTimeoutError(
E   urllib3.exceptions.ConnectTimeoutError: (&lt;HTTPSConnection(host='ai-discovery-tool.preview.emergentagent.com', port=443) at 0xf82430e21b50&gt;, 'Connection to ai-discovery-tool.preview.emergentagent.com timed out. (connect timeout=None)')

The above exception was the direct cause of the following exception:
/root/.venv/lib/python3.11/site-packages/requests/adapters.py:644: in send
    resp = conn.urlopen(
/root/.venv/lib/python3.11/site-packages/urllib3/connectionpool.py:841: in urlopen
    retries = retries.increment(
/root/.venv/lib/python3.11/site-packages/urllib3/util/retry.py:535: in increment
    raise MaxRetryError(_pool, url, reason) from reason  # type: ignore[arg-type]
    ^^^^^^^^^^^^^^^^^^^^^^^^^^^^^^^^^^^^^^^^^^^^^^^^^^^
E   urllib3.exceptions.MaxRetryError: HTTPSConnectionPool(host='ai-discovery-tool.preview.emergentagent.com', port=443): Max retries exceeded with url: /api/customers (Caused by ConnectTimeoutError(&lt;HTTPSConnection(host='ai-discovery-tool.preview.emergentagent.com', port=443) at 0xf82430e21b50&gt;, 'Connection to ai-discovery-tool.preview.emergentagent.com timed out. (connect timeout=None)'))

During handling of the above exception, another exception occurred:
backend/tests/test_discovery_api.py:376: in setup_test_customer
    response = requests.post(f"{BASE_URL}/api/customers", json={
/root/.venv/lib/python3.11/site-packages/requests/api.py:115: in post
    return request("post", url, data=data, json=json, **kwargs)
           ^^^^^^^^^^^^^^^^^^^^^^^^^^^^^^^^^^^^^^^^^^^^^^^^^^^^
/root/.venv/lib/python3.11/site-packages/requests/api.py:59: in request
    return session.request(method=method, url=url, **kwargs)
           ^^^^^^^^^^^^^^^^^^^^^^^^^^^^^^^^^^^^^^^^^^^^^^^^^
/root/.venv/lib/python3.11/site-packages/requests/sessions.py:589: in request
    resp = self.send(prep, **send_kwargs)
           ^^^^^^^^^^^^^^^^^^^^^^^^^^^^^^
/root/.venv/lib/python3.11/site-packages/requests/sessions.py:703: in send
    r = adapter.send(request, **kwargs)
        ^^^^^^^^^^^^^^^^^^^^^^^^^^^^^^^
/root/.venv/lib/python3.11/site-packages/requests/adapters.py:665: in send
    raise ConnectTimeout(e, request=request)
E   requests.exceptions.ConnectTimeout: HTTPSConnectionPool(host='ai-discovery-tool.preview.emergentagent.com', port=443): Max retries exceeded with url: /api/customers (Caused by ConnectTimeoutError(&lt;HTTPSConnection(host='ai-discovery-tool.preview.emergentagent.com', port=443) at 0xf82430e21b50&gt;, 'Connection to ai-discovery-tool.preview.emergentagent.com timed out. (connect timeout=None)'))</error></testcase></testsuite></testsuites>